<?xml version="1.0" encoding="utf-8"?><testsuites name="pytest tests"><testsuite name="pytest" errors="0" failures="0" skipped="0" tests="19" time="3.635" timestamp="2026-07-15T08:26:36.875529+00:00" hostname="agent-env-2de8cb58-793a-4715-ae65-be05072b0e0b"><testcase classname="backend.tests.backend_test.TestHealthAndRouting" name="test_health" time="0.184" /><testcase classname="backend.tests.backend_test.TestHealthAndRouting" name="test_pages_200[/]" time="0.156" /><testcase classname="backend.tests.backend_test.TestHealthAndRouting" name="test_pages_200[/scan]" time="0.673" /><testcase classname="backend.tests.backend_test.TestHealthAndRouting" name="test_pages_200[/reading]" time="0.087" /><testcase classname="backend.tests.backend_test.TestHealthAndRouting" name="test_pages_200[/checkout]" time="0.083" /><testcase classname="backend.tests.backend_test.TestHealthAndRouting" name="test_pages_200[/success]" time="0.073" /><testcase classname="backend.tests.backend_test.TestHealthAndRouting" name="test_pages_200[/cancel]" time="0.071" /><testcase classname="backend.tests.backend_test.TestHealthAndRouting" name="test_pages_200[/admin]" time="0.067" /><testcase classname="backend.tests.backend_test.TestHealthAndRouting" name="test_pages_200[/sitemap.xml]" time="0.051" /><testcase classname="backend.tests.backend_test.TestHealthAndRouting" name="test_admin_me_requires_auth" time="0.053" /><testcase classname="backend.tests.backend_test.TestAdminAuth" name="test_login_ok" time="0.277" /><testcase classname="backend.tests.backend_test.TestAdminAuth" name="test_login_wrong_password" time="0.287" /><testcase classname="backend.tests.backend_test.TestAdminAuth" name="test_me_with_token" time="0.050" /><testcase classname="backend.tests.backend_test.TestAdminAuth" name="test_stats" time="0.057" /><testcase classname="backend.tests.backend_test.TestAdminAuth" name="test_orders_list" time="0.052" /><testcase classname="backend.tests.backend_test.TestRazorpay" name="test_create_order_one_time" time="0.898" /><testcase classname="backend.tests.backend_test.TestRazorpay" name="test_create_order_monthly" time="0.356" /><testcase classname="backend.tests.backend_test.TestRazorpay" name="test_verify_bad_signature" time="0.056" /><testcase classname="backend.tests.backend_test.TestRazorpay" name="test_order_appears_in_admin" time="0.049" /></testsuite></testsuites>